# JRE version: Java(TM) SE Runtime Environment (8.0_25-b17) (build 1.8.0_25-b17)
# Java VM: Java HotSpot(TM) 64-Bit Server VM (25.25-b02 mixed mode bsd-amd64 compressed oops)
Heap:
 PSYoungGen      total 225792K, used 115834K [0x000000076ab00000, 0x0000000779900000, 0x00000007c0000000)
  eden space 207872K, 55% used [0x000000076ab00000,0x0000000771c1ea38,0x0000000777600000)
  from space 17920K, 0% used [0x0000000778780000,0x0000000778780000,0x0000000779900000)
  to   space 17920K, 0% used [0x0000000777600000,0x0000000777600000,0x0000000778780000)
 ParOldGen       total 168960K, used 20657K [0x00000006c0000000, 0x00000006ca500000, 0x000000076ab00000)
  object space 168960K, 12% used [0x00000006c0000000,0x00000006c142c4a8,0x00000006ca500000)
 Metaspace       used 41872K, capacity 44878K, committed 44928K, reserved 1087488K
  class space    used 5687K, capacity 6240K, committed 6272K, reserved 1048576K
GC Heap History (10 events):
Event: 2.337 GC heap before
{Heap before GC invocations=7 (full 1):
 PSYoungGen      total 137728K, used 103464K [0x000000076ab00000, 0x0000000775a80000, 0x00000007c0000000)
  eden space 126976K, 73% used [0x000000076ab00000,0x0000000770590f38,0x0000000772700000)
  from space 10752K, 99% used [0x0000000772700000,0x00000007731793b0,0x0000000773180000)
  to   space 14848K, 0% used [0x0000000774c00000,0x0000000774c00000,0x0000000775a80000)
 ParOldGen       total 100352K, used 8231K [0x00000006c0000000, 0x00000006c6200000, 0x000000076ab00000)
  object space 100352K, 8% used [0x00000006c0000000,0x00000006c0809d58,0x00000006c6200000)
 Metaspace       used 33532K, capacity 35306K, committed 35456K, reserved 1079296K
  class space    used 4495K, capacity 4866K, committed 4992K, reserved 1048576K
Event: 2.344 GC heap after
Heap after GC invocations=7 (full 1):
 PSYoungGen      total 162304K, used 14843K [0x000000076ab00000, 0x0000000778280000, 0x00000007c0000000)
  eden space 147456K, 0% used [0x000000076ab00000,0x000000076ab00000,0x0000000773b00000)
  from space 14848K, 99% used [0x0000000774c00000,0x0000000775a7ef00,0x0000000775a80000)
  to   space 17408K, 0% used [0x0000000773b00000,0x0000000773b00000,0x0000000774c00000)
 ParOldGen       total 100352K, used 8409K [0x00000006c0000000, 0x00000006c6200000, 0x000000076ab00000)
  object space 100352K, 8% used [0x00000006c0000000,0x00000006c08365e8,0x00000006c6200000)
 Metaspace       used 33532K, capacity 35306K, committed 35456K, reserved 1079296K
  class space    used 4495K, capacity 4866K, committed 4992K, reserved 1048576K
}
Event: 2.344 GC heap before
{Heap before GC invocations=8 (full 2):
 PSYoungGen      total 162304K, used 14843K [0x000000076ab00000, 0x0000000778280000, 0x00000007c0000000)
  eden space 147456K, 0% used [0x000000076ab00000,0x000000076ab00000,0x0000000773b00000)
  from space 14848K, 99% used [0x0000000774c00000,0x0000000775a7ef00,0x0000000775a80000)
  to   space 17408K, 0% used [0x0000000773b00000,0x0000000773b00000,0x0000000774c00000)
 ParOldGen       total 100352K, used 8409K [0x00000006c0000000, 0x00000006c6200000, 0x000000076ab00000)
  object space 100352K, 8% used [0x00000006c0000000,0x00000006c08365e8,0x00000006c6200000)
 Metaspace       used 33532K, capacity 35306K, committed 35456K, reserved 1079296K
  class space    used 4495K, capacity 4866K, committed 4992K, reserved 1048576K
Event: 2.383 GC heap after
Heap after GC invocations=8 (full 2):
 PSYoungGen      total 162304K, used 0K [0x000000076ab00000, 0x0000000778280000, 0x00000007c0000000)
  eden space 147456K, 0% used [0x000000076ab00000,0x000000076ab00000,0x0000000773b00000)
  from space 14848K, 0% used [0x0000000774c00000,0x0000000774c00000,0x0000000775a80000)
  to   space 17408K, 0% used [0x0000000773b00000,0x0000000773b00000,0x0000000774c00000)
 ParOldGen       total 168960K, used 19829K [0x00000006c0000000, 0x00000006ca500000, 0x000000076ab00000)
  object space 168960K, 11% used [0x00000006c0000000,0x00000006c135d770,0x00000006ca500000)
 Metaspace       used 33532K, capacity 35306K, committed 35456K, reserved 1079296K
  class space    used 4495K, capacity 4866K, committed 4992K, reserved 1048576K
}
Event: 3.167 GC heap before
{Heap before GC invocations=9 (full 2):
 PSYoungGen      total 162304K, used 147456K [0x000000076ab00000, 0x0000000778280000, 0x00000007c0000000)
  eden space 147456K, 100% used [0x000000076ab00000,0x0000000773b00000,0x0000000773b00000)
  from space 14848K, 0% used [0x0000000774c00000,0x0000000774c00000,0x0000000775a80000)
  to   space 17408K, 0% used [0x0000000773b00000,0x0000000773b00000,0x0000000774c00000)
 ParOldGen       total 168960K, used 19829K [0x00000006c0000000, 0x00000006ca500000, 0x000000076ab00000)
  object space 168960K, 11% used [0x00000006c0000000,0x00000006c135d770,0x00000006ca500000)
 Metaspace       used 40420K, capacity 43158K, committed 43392K, reserved 1087488K
  class space    used 5482K, capacity 5980K, committed 6016K, reserved 1048576K
Event: 3.174 GC heap after
Heap after GC invocations=9 (full 2):
 PSYoungGen      total 164864K, used 12945K [0x000000076ab00000, 0x0000000779900000, 0x00000007c0000000)
  eden space 147456K, 0% used [0x000000076ab00000,0x000000076ab00000,0x0000000773b00000)
  from space 17408K, 74% used [0x0000000773b00000,0x00000007747a4748,0x0000000774c00000)
  to   space 17920K, 0% used [0x0000000778780000,0x0000000778780000,0x0000000779900000)
 ParOldGen       total 168960K, used 19837K [0x00000006c0000000, 0x00000006ca500000, 0x000000076ab00000)
  object space 168960K, 11% used [0x00000006c0000000,0x00000006c135f770,0x00000006ca500000)
 Metaspace       used 40420K, capacity 43158K, committed 43392K, reserved 1087488K
  class space    used 5482K, capacity 5980K, committed 6016K, reserved 1048576K
}
Event: 67.047 GC heap before
{Heap before GC invocations=10 (full 2):
 PSYoungGen      total 164864K, used 109166K [0x000000076ab00000, 0x0000000779900000, 0x00000007c0000000)
  eden space 147456K, 65% used [0x000000076ab00000,0x00000007708f72c8,0x0000000773b00000)
  from space 17408K, 74% used [0x0000000773b00000,0x00000007747a4748,0x0000000774c00000)
  to   space 17920K, 0% used [0x0000000778780000,0x0000000778780000,0x0000000779900000)
 ParOldGen       total 168960K, used 19837K [0x00000006c0000000, 0x00000006ca500000, 0x000000076ab00000)
  object space 168960K, 11% used [0x00000006c0000000,0x00000006c135f770,0x00000006ca500000)
 Metaspace       used 41749K, capacity 44674K, committed 44928K, reserved 1087488K
  class space    used 5667K, capacity 6186K, committed 6272K, reserved 1048576K
Event: 67.055 GC heap after
Heap after GC invocations=10 (full 2):
 PSYoungGen      total 225792K, used 7936K [0x000000076ab00000, 0x0000000779900000, 0x00000007c0000000)
  eden space 207872K, 0% used [0x000000076ab00000,0x000000076ab00000,0x0000000777600000)
  from space 17920K, 44% used [0x0000000778780000,0x0000000778f40098,0x0000000779900000)
  to   space 17920K, 0% used [0x0000000777600000,0x0000000777600000,0x0000000778780000)
 ParOldGen       total 168960K, used 19845K [0x00000006c0000000, 0x00000006ca500000, 0x000000076ab00000)
  object space 168960K, 11% used [0x00000006c0000000,0x00000006c1361770,0x00000006ca500000)
 Metaspace       used 41749K, capacity 44674K, committed 44928K, reserved 1087488K
  class space    used 5667K, capacity 6186K, committed 6272K, reserved 1048576K
}
Event: 67.055 GC heap before
{Heap before GC invocations=11 (full 3):
 PSYoungGen      total 225792K, used 7936K [0x000000076ab00000, 0x0000000779900000, 0x00000007c0000000)
  eden space 207872K, 0% used [0x000000076ab00000,0x000000076ab00000,0x0000000777600000)
  from space 17920K, 44% used [0x0000000778780000,0x0000000778f40098,0x0000000779900000)
  to   space 17920K, 0% used [0x0000000777600000,0x0000000777600000,0x0000000778780000)
 ParOldGen       total 168960K, used 19845K [0x00000006c0000000, 0x00000006ca500000, 0x000000076ab00000)
  object space 168960K, 11% used [0x00000006c0000000,0x00000006c1361770,0x00000006ca500000)
 Metaspace       used 41749K, capacity 44674K, committed 44928K, reserved 1087488K
  class space    used 5667K, capacity 6186K, committed 6272K, reserved 1048576K
Event: 67.161 GC heap after
Heap after GC invocations=11 (full 3):
 PSYoungGen      total 225792K, used 0K [0x000000076ab00000, 0x0000000779900000, 0x00000007c0000000)
  eden space 207872K, 0% used [0x000000076ab00000,0x000000076ab00000,0x0000000777600000)
  from space 17920K, 0% used [0x0000000778780000,0x0000000778780000,0x0000000779900000)
  to   space 17920K, 0% used [0x0000000777600000,0x0000000777600000,0x0000000778780000)
 ParOldGen       total 168960K, used 20657K [0x00000006c0000000, 0x00000006ca500000, 0x000000076ab00000)
  object space 168960K, 12% used [0x00000006c0000000,0x00000006c142c4a8,0x00000006ca500000)
 Metaspace       used 41745K, capacity 44668K, committed 44928K, reserved 1087488K
  class space    used 5665K, capacity 6183K, committed 6272K, reserved 1048576K
}

